{"F:\\dev-challenge\\es6\\table.js": {"path":"F:\\dev-challenge\\es6\\table.js","statementMap":{"0":{"start":{"line":3,"column":4},"end":{"line":3,"column":19}},"1":{"start":{"line":4,"column":4},"end":{"line":4,"column":45}},"2":{"start":{"line":5,"column":4},"end":{"line":5,"column":55}},"3":{"start":{"line":6,"column":4},"end":{"line":6,"column":45}},"4":{"start":{"line":7,"column":4},"end":{"line":7,"column":66}},"5":{"start":{"line":8,"column":4},"end":{"line":8,"column":37}},"6":{"start":{"line":14,"column":16},"end":{"line":14,"column":40}},"7":{"start":{"line":15,"column":16},"end":{"line":15,"column":47}},"8":{"start":{"line":16,"column":17},"end":{"line":16,"column":36}},"9":{"start":{"line":17,"column":17},"end":{"line":17,"column":27}},"10":{"start":{"line":18,"column":35},"end":{"line":18,"column":51}},"11":{"start":{"line":19,"column":4},"end":{"line":24,"column":5}},"12":{"start":{"line":20,"column":6},"end":{"line":20,"column":51}},"13":{"start":{"line":21,"column":6},"end":{"line":21,"column":25}},"14":{"start":{"line":23,"column":6},"end":{"line":23,"column":48}},"15":{"start":{"line":25,"column":4},"end":{"line":25,"column":30}},"16":{"start":{"line":26,"column":4},"end":{"line":26,"column":32}},"17":{"start":{"line":27,"column":4},"end":{"line":27,"column":20}},"18":{"start":{"line":32,"column":24},"end":{"line":32,"column":34}},"19":{"start":{"line":33,"column":35},"end":{"line":33,"column":58}},"20":{"start":{"line":34,"column":21},"end":{"line":34,"column":51}},"21":{"start":{"line":35,"column":4},"end":{"line":39,"column":7}},"22":{"start":{"line":37,"column":33},"end":{"line":37,"column":84}},"23":{"start":{"line":37,"column":68},"end":{"line":37,"column":83}},"24":{"start":{"line":38,"column":6},"end":{"line":38,"column":50}},"25":{"start":{"line":44,"column":22},"end":{"line":44,"column":46}},"26":{"start":{"line":45,"column":4},"end":{"line":45,"column":72}},"27":{"start":{"line":45,"column":37},"end":{"line":45,"column":70}},"28":{"start":{"line":50,"column":17},"end":{"line":50,"column":37}},"29":{"start":{"line":51,"column":18},"end":{"line":51,"column":48}},"30":{"start":{"line":52,"column":4},"end":{"line":52,"column":23}},"31":{"start":{"line":53,"column":19},"end":{"line":53,"column":41}},"32":{"start":{"line":55,"column":4},"end":{"line":71,"column":7}},"33":{"start":{"line":56,"column":23},"end":{"line":56,"column":51}},"34":{"start":{"line":57,"column":6},"end":{"line":57,"column":38}},"35":{"start":{"line":58,"column":6},"end":{"line":58,"column":40}},"36":{"start":{"line":59,"column":6},"end":{"line":59,"column":40}},"37":{"start":{"line":60,"column":6},"end":{"line":60,"column":47}},"38":{"start":{"line":61,"column":6},"end":{"line":61,"column":46}},"39":{"start":{"line":62,"column":21},"end":{"line":62,"column":51}},"40":{"start":{"line":63,"column":26},"end":{"line":63,"column":28}},"41":{"start":{"line":64,"column":6},"end":{"line":64,"column":54}},"42":{"start":{"line":64,"column":28},"end":{"line":64,"column":52}},"43":{"start":{"line":65,"column":6},"end":{"line":65,"column":44}},"44":{"start":{"line":66,"column":24},"end":{"line":66,"column":52}},"45":{"start":{"line":68,"column":6},"end":{"line":68,"column":36}},"46":{"start":{"line":69,"column":6},"end":{"line":69,"column":38}},"47":{"start":{"line":70,"column":6},"end":{"line":70,"column":37}},"48":{"start":{"line":72,"column":3},"end":{"line":72,"column":24}},"49":{"start":{"line":73,"column":5},"end":{"line":73,"column":33}},"50":{"start":{"line":78,"column":17},"end":{"line":78,"column":45}},"51":{"start":{"line":79,"column":4},"end":{"line":79,"column":26}},"52":{"start":{"line":81,"column":4},"end":{"line":81,"column":29}},"53":{"start":{"line":85,"column":0},"end":{"line":85,"column":20}}},"fnMap":{"0":{"name":"(anonymous_0)","decl":{"start":{"line":2,"column":2},"end":{"line":2,"column":3}},"loc":{"start":{"line":2,"column":16},"end":{"line":9,"column":3}},"line":2},"1":{"name":"(anonymous_1)","decl":{"start":{"line":12,"column":2},"end":{"line":12,"column":3}},"loc":{"start":{"line":12,"column":19},"end":{"line":28,"column":3}},"line":12},"2":{"name":"(anonymous_2)","decl":{"start":{"line":31,"column":2},"end":{"line":31,"column":3}},"loc":{"start":{"line":31,"column":25},"end":{"line":40,"column":3}},"line":31},"3":{"name":"(anonymous_3)","decl":{"start":{"line":35,"column":35},"end":{"line":35,"column":36}},"loc":{"start":{"line":35,"column":46},"end":{"line":39,"column":5}},"line":35},"4":{"name":"(anonymous_4)","decl":{"start":{"line":37,"column":63},"end":{"line":37,"column":64}},"loc":{"start":{"line":37,"column":68},"end":{"line":37,"column":83}},"line":37},"5":{"name":"(anonymous_5)","decl":{"start":{"line":43,"column":2},"end":{"line":43,"column":3}},"loc":{"start":{"line":43,"column":18},"end":{"line":46,"column":3}},"line":43},"6":{"name":"(anonymous_6)","decl":{"start":{"line":45,"column":26},"end":{"line":45,"column":27}},"loc":{"start":{"line":45,"column":37},"end":{"line":45,"column":70}},"line":45},"7":{"name":"(anonymous_7)","decl":{"start":{"line":49,"column":2},"end":{"line":49,"column":3}},"loc":{"start":{"line":49,"column":13},"end":{"line":74,"column":3}},"line":49},"8":{"name":"(anonymous_8)","decl":{"start":{"line":55,"column":17},"end":{"line":55,"column":18}},"loc":{"start":{"line":55,"column":25},"end":{"line":71,"column":5}},"line":55},"9":{"name":"(anonymous_9)","decl":{"start":{"line":64,"column":23},"end":{"line":64,"column":24}},"loc":{"start":{"line":64,"column":28},"end":{"line":64,"column":52}},"line":64},"10":{"name":"(anonymous_10)","decl":{"start":{"line":77,"column":2},"end":{"line":77,"column":3}},"loc":{"start":{"line":77,"column":21},"end":{"line":82,"column":3}},"line":77}},"branchMap":{"0":{"loc":{"start":{"line":19,"column":4},"end":{"line":24,"column":5}},"type":"if","locations":[{"start":{"line":19,"column":4},"end":{"line":24,"column":5}},{"start":{"line":19,"column":4},"end":{"line":24,"column":5}}],"line":19}},"s":{"0":1,"1":1,"2":1,"3":1,"4":1,"5":1,"6":1,"7":1,"8":1,"9":1,"10":1,"11":1,"12":0,"13":0,"14":1,"15":1,"16":1,"17":1,"18":1,"19":1,"20":1,"21":1,"22":1,"23":1,"24":1,"25":1,"26":1,"27":0,"28":1,"29":1,"30":1,"31":1,"32":1,"33":1,"34":1,"35":1,"36":1,"37":1,"38":1,"39":1,"40":1,"41":1,"42":1,"43":1,"44":1,"45":1,"46":1,"47":1,"48":1,"49":0,"50":5,"51":5,"52":5,"53":1},"f":{"0":1,"1":1,"2":1,"3":1,"4":1,"5":1,"6":0,"7":1,"8":1,"9":1,"10":5},"b":{"0":[0,1]},"_coverageSchema":"1a1c01bbd47fc00a2c39e90264f33305004495a9","hash":"e248aa74be616501ff4f6a1514613a0302c297de"}
}
